<?xml version="1.0" encoding="UTF-8"?>
<testsuite xmlns:xsi="http://www.w3.org/2001/XMLSchema-instance" xsi:noNamespaceSchemaLocation="https://maven.apache.org/surefire/maven-surefire-plugin/xsd/surefire-test-report-3.0.xsd" version="3.0" name="TestSuite" time="12.273" tests="3" errors="0" skipped="0" failures="2">
  <properties>
[...]
</properties>
  <testcase name="testPostUser" classname="api.test.UserTests" time="4.349">
    <failure message="expected [200] but found [405]" type="java.lang.AssertionError"><![CDATA[java.lang.AssertionError: expected [200] but found [405]
	at api.test.UserTests.testPostUser(UserTests.java:40)
]]></failure>
    <system-out><![CDATA[HTTP/1.1 405 Not Allowed
Date: Wed, 17 May 2023 05:32:36 GMT
Content-Type: text/html
Content-Length: 150
Connection: keep-alive
Server: nginx
Access-Control-Allow-Origin: *
Access-Control-Allow-Methods: GET, POST, OPTIONS
Access-Control-Allow-Headers: DNT,X-CustomHeader,Keep-Alive,User-Agent,X-Requested-With,If-Modified-Since,Cache-Control,Content-Type

<html>
  <head>
    <title>405 Not Allowed</title>
  </head>
  <body>
    <center>
      <h1>405 Not Allowed</h1>
    </center>
    <hr/>
    <center>nginx</center>
  </body>
</html>
]]></system-out>
  </testcase>
  <testcase name="testGetUserByName" classname="api.test.UserTests" time="2.172">
    <system-out><![CDATA[HTTP/1.1 200 OK
Date: Wed, 17 May 2023 05:32:38 GMT
Content-Type: text/html
Content-Length: 327
Connection: keep-alive
Server: nginx
Last-Modified: Fri, 10 Mar 2023 10:03:43 GMT
Vary: Accept-Encoding
ETag: "640b007f-147"
Content-Encoding: gzip
Expires: Thu, 18 May 2023 05:32:38 GMT
Cache-Control: max-age=86400
Access-Control-Allow-Origin: *
Access-Control-Allow-Methods: GET, POST, OPTIONS
Access-Control-Allow-Headers: DNT,X-CustomHeader,Keep-Alive,User-Agent,X-Requested-With,If-Modified-Since,Cache-Control,Content-Type

<html lang="en">
  <head>
    <meta charset="UTF-8"/>
    <title>Swagger UI</title>
    <link rel="stylesheet" type="text/css" href="./swagger-ui.css"/>
    <link rel="stylesheet" type="text/css" href="index.css"/>
    <link rel="icon" type="image/png" href="./favicon-32x32.png" sizes="32x32"/>
    <link rel="icon" type="image/png" href="./favicon-16x16.png" sizes="16x16"/>
  </head>
  <body>
    <div id="swagger-ui"/>
    <script src="./swagger-ui-bundle.js" charset="UTF-8"/>
    <script src="./swagger-ui-standalone-preset.js" charset="UTF-8"/>
    <script src="./swagger-initializer.js" charset="UTF-8"/>
  </body>
</html>
]]></system-out>
  </testcase>
  <testcase name="testDeleteUserByName" classname="api.test.UserTests" time="3.722">
    <failure message="expected [200] but found [405]" type="java.lang.AssertionError"><![CDATA[java.lang.AssertionError: expected [200] but found [405]
	at api.test.UserTests.testDeleteUserByName(UserTests.java:79)
]]></failure>
  </testcase>
</testsuite>